# JRE version: Java(TM) SE Runtime Environment (8.0_91-b14) (build 1.8.0_91-b14)
# Java VM: Java HotSpot(TM) 64-Bit Server VM (25.91-b14 mixed mode linux-amd64 compressed oops)
Heap:
 PSYoungGen      total 443904K, used 85618K [0x00000000e0000000, 0x0000000100000000, 0x0000000100000000)
  eden space 365056K, 1% used [0x00000000e0000000,0x00000000e069e480,0x00000000f6480000)
  from space 78848K, 99% used [0x00000000f6480000,0x00000000fb17e4e0,0x00000000fb180000)
  to   space 80384K, 0% used [0x00000000fb180000,0x00000000fb180000,0x0000000100000000)
 ParOldGen       total 151040K, used 64531K [0x00000000a0000000, 0x00000000a9380000, 0x00000000e0000000)
  object space 151040K, 42% used [0x00000000a0000000,0x00000000a3f04ea0,0x00000000a9380000)
 Metaspace       used 68870K, capacity 71384K, committed 71552K, reserved 1112064K
  class space    used 8729K, capacity 9252K, committed 9344K, reserved 1048576K
GC Heap History (10 events):
Event: 398.908 GC heap before
{Heap before GC invocations=26 (full 5):
 PSYoungGen      total 429568K, used 50539K [0x00000000e0000000, 0x0000000100000000, 0x0000000100000000)
  eden space 378880K, 0% used [0x00000000e0000000,0x00000000e0000000,0x00000000f7200000)
  from space 50688K, 99% used [0x00000000f7200000,0x00000000fa35ad48,0x00000000fa380000)
  to   space 76800K, 0% used [0x00000000fb500000,0x00000000fb500000,0x0000000100000000)
 ParOldGen       total 151040K, used 107886K [0x00000000a0000000, 0x00000000a9380000, 0x00000000e0000000)
  object space 151040K, 71% used [0x00000000a0000000,0x00000000a695baa0,0x00000000a9380000)
 Metaspace       used 67628K, capacity 69802K, committed 70144K, reserved 1110016K
  class space    used 8651K, capacity 9131K, committed 9216K, reserved 1048576K
Event: 399.241 GC heap after
Heap after GC invocations=26 (full 5):
 PSYoungGen      total 429568K, used 0K [0x00000000e0000000, 0x0000000100000000, 0x0000000100000000)
  eden space 378880K, 0% used [0x00000000e0000000,0x00000000e0000000,0x00000000f7200000)
  from space 50688K, 0% used [0x00000000f7200000,0x00000000f7200000,0x00000000fa380000)
  to   space 76800K, 0% used [0x00000000fb500000,0x00000000fb500000,0x0000000100000000)
 ParOldGen       total 151040K, used 41604K [0x00000000a0000000, 0x00000000a9380000, 0x00000000e0000000)
  object space 151040K, 27% used [0x00000000a0000000,0x00000000a28a1328,0x00000000a9380000)
 Metaspace       used 67628K, capacity 69802K, committed 70144K, reserved 1110016K
  class space    used 8651K, capacity 9131K, committed 9216K, reserved 1048576K
}
Event: 1491.993 GC heap before
{Heap before GC invocations=27 (full 5):
 PSYoungGen      total 429568K, used 378325K [0x00000000e0000000, 0x0000000100000000, 0x0000000100000000)
  eden space 378880K, 99% used [0x00000000e0000000,0x00000000f71757d0,0x00000000f7200000)
  from space 50688K, 0% used [0x00000000f7200000,0x00000000f7200000,0x00000000fa380000)
  to   space 76800K, 0% used [0x00000000fb500000,0x00000000fb500000,0x0000000100000000)
 ParOldGen       total 151040K, used 41604K [0x00000000a0000000, 0x00000000a9380000, 0x00000000e0000000)
  object space 151040K, 27% used [0x00000000a0000000,0x00000000a28a1328,0x00000000a9380000)
 Metaspace       used 68356K, capacity 70714K, committed 70912K, reserved 1112064K
  class space    used 8681K, capacity 9179K, committed 9216K, reserved 1048576K
Event: 1492.032 GC heap after
Heap after GC invocations=27 (full 5):
 PSYoungGen      total 449024K, used 9047K [0x00000000e0000000, 0x0000000100000000, 0x0000000100000000)
  eden space 372224K, 0% used [0x00000000e0000000,0x00000000e0000000,0x00000000f6b80000)
  from space 76800K, 11% used [0x00000000fb500000,0x00000000fbdd5e40,0x0000000100000000)
  to   space 75264K, 0% used [0x00000000f6b80000,0x00000000f6b80000,0x00000000fb500000)
 ParOldGen       total 151040K, used 41612K [0x00000000a0000000, 0x00000000a9380000, 0x00000000e0000000)
  object space 151040K, 27% used [0x00000000a0000000,0x00000000a28a3328,0x00000000a9380000)
 Metaspace       used 68356K, capacity 70714K, committed 70912K, reserved 1112064K
  class space    used 8681K, capacity 9179K, committed 9216K, reserved 1048576K
}
Event: 1493.311 GC heap before
{Heap before GC invocations=28 (full 5):
 PSYoungGen      total 449024K, used 381271K [0x00000000e0000000, 0x0000000100000000, 0x0000000100000000)
  eden space 372224K, 100% used [0x00000000e0000000,0x00000000f6b80000,0x00000000f6b80000)
  from space 76800K, 11% used [0x00000000fb500000,0x00000000fbdd5e40,0x0000000100000000)
  to   space 75264K, 0% used [0x00000000f6b80000,0x00000000f6b80000,0x00000000fb500000)
 ParOldGen       total 151040K, used 41612K [0x00000000a0000000, 0x00000000a9380000, 0x00000000e0000000)
  object space 151040K, 27% used [0x00000000a0000000,0x00000000a28a3328,0x00000000a9380000)
 Metaspace       used 68846K, capacity 71320K, committed 71552K, reserved 1112064K
  class space    used 8729K, capacity 9252K, committed 9344K, reserved 1048576K
Event: 1493.357 GC heap after
Heap after GC invocations=28 (full 5):
 PSYoungGen      total 393216K, used 20636K [0x00000000e0000000, 0x00000000ff780000, 0x0000000100000000)
  eden space 372224K, 0% used [0x00000000e0000000,0x00000000e0000000,0x00000000f6b80000)
  from space 20992K, 98% used [0x00000000f6b80000,0x00000000f7fa7018,0x00000000f8000000)
  to   space 71680K, 0% used [0x00000000fb180000,0x00000000fb180000,0x00000000ff780000)
 ParOldGen       total 151040K, used 41620K [0x00000000a0000000, 0x00000000a9380000, 0x00000000e0000000)
  object space 151040K, 27% used [0x00000000a0000000,0x00000000a28a5328,0x00000000a9380000)
 Metaspace       used 68846K, capacity 71320K, committed 71552K, reserved 1112064K
  class space    used 8729K, capacity 9252K, committed 9344K, reserved 1048576K
}
Event: 1494.519 GC heap before
{Heap before GC invocations=29 (full 5):
 PSYoungGen      total 393216K, used 392860K [0x00000000e0000000, 0x00000000ff780000, 0x0000000100000000)
  eden space 372224K, 100% used [0x00000000e0000000,0x00000000f6b80000,0x00000000f6b80000)
  from space 20992K, 98% used [0x00000000f6b80000,0x00000000f7fa7018,0x00000000f8000000)
  to   space 71680K, 0% used [0x00000000fb180000,0x00000000fb180000,0x00000000ff780000)
 ParOldGen       total 151040K, used 41620K [0x00000000a0000000, 0x00000000a9380000, 0x00000000e0000000)
  object space 151040K, 27% used [0x00000000a0000000,0x00000000a28a5328,0x00000000a9380000)
 Metaspace       used 68852K, capacity 71320K, committed 71552K, reserved 1112064K
  class space    used 8729K, capacity 9252K, committed 9344K, reserved 1048576K
Event: 1494.648 GC heap after
Heap after GC invocations=29 (full 5):
 PSYoungGen      total 436736K, used 57840K [0x00000000e0000000, 0x0000000100000000, 0x0000000100000000)
  eden space 365056K, 0% used [0x00000000e0000000,0x00000000e0000000,0x00000000f6480000)
  from space 71680K, 80% used [0x00000000fb180000,0x00000000fe9fc188,0x00000000ff780000)
  to   space 78848K, 0% used [0x00000000f6480000,0x00000000f6480000,0x00000000fb180000)
 ParOldGen       total 151040K, used 41620K [0x00000000a0000000, 0x00000000a9380000, 0x00000000e0000000)
  object space 151040K, 27% used [0x00000000a0000000,0x00000000a28a5328,0x00000000a9380000)
 Metaspace       used 68852K, capacity 71320K, committed 71552K, reserved 1112064K
  class space    used 8729K, capacity 9252K, committed 9344K, reserved 1048576K
}
Event: 1495.778 GC heap before
{Heap before GC invocations=30 (full 5):
 PSYoungGen      total 436736K, used 422896K [0x00000000e0000000, 0x0000000100000000, 0x0000000100000000)
  eden space 365056K, 100% used [0x00000000e0000000,0x00000000f6480000,0x00000000f6480000)
  from space 71680K, 80% used [0x00000000fb180000,0x00000000fe9fc188,0x00000000ff780000)
  to   space 78848K, 0% used [0x00000000f6480000,0x00000000f6480000,0x00000000fb180000)
 ParOldGen       total 151040K, used 41620K [0x00000000a0000000, 0x00000000a9380000, 0x00000000e0000000)
  object space 151040K, 27% used [0x00000000a0000000,0x00000000a28a5328,0x00000000a9380000)
 Metaspace       used 68869K, capacity 71384K, committed 71552K, reserved 1112064K
  class space    used 8729K, capacity 9252K, committed 9344K, reserved 1048576K
Event: 1495.983 GC heap after
Heap after GC invocations=30 (full 5):
 PSYoungGen      total 443904K, used 78841K [0x00000000e0000000, 0x0000000100000000, 0x0000000100000000)
  eden space 365056K, 0% used [0x00000000e0000000,0x00000000e0000000,0x00000000f6480000)
  from space 78848K, 99% used [0x00000000f6480000,0x00000000fb17e4e0,0x00000000fb180000)
  to   space 80384K, 0% used [0x00000000fb180000,0x00000000fb180000,0x0000000100000000)
 ParOldGen       total 151040K, used 64531K [0x00000000a0000000, 0x00000000a9380000, 0x00000000e0000000)
  object space 151040K, 42% used [0x00000000a0000000,0x00000000a3f04ea0,0x00000000a9380000)
 Metaspace       used 68869K, capacity 71384K, committed 71552K, reserved 1112064K
  class space    used 8729K, capacity 9252K, committed 9344K, reserved 1048576K
}

