# JRE version: Java(TM) SE Runtime Environment (8.0_91-b14) (build 1.8.0_91-b14)
# Java VM: Java HotSpot(TM) 64-Bit Server VM (25.91-b14 mixed mode linux-amd64 compressed oops)
Heap:
 PSYoungGen      total 130048K, used 75850K [0x00000000e0000000, 0x00000000ef480000, 0x0000000100000000)
  eden space 124928K, 56% used [0x00000000e0000000,0x00000000e4515170,0x00000000e7a00000)
  from space 5120K, 99% used [0x00000000e7a00000,0x00000000e7efd918,0x00000000e7f00000)
  to   space 13824K, 0% used [0x00000000ee700000,0x00000000ee700000,0x00000000ef480000)
 ParOldGen       total 56832K, used 16796K [0x00000000a0000000, 0x00000000a3780000, 0x00000000e0000000)
  object space 56832K, 29% used [0x00000000a0000000,0x00000000a1067380,0x00000000a3780000)
 Metaspace       used 32113K, capacity 32770K, committed 33152K, reserved 1077248K
  class space    used 4441K, capacity 4646K, committed 4736K, reserved 1048576K
GC Heap History (10 events):
Event: 1.537 GC heap before
{Heap before GC invocations=2 (full 0):
 PSYoungGen      total 36352K, used 34927K [0x00000000e0000000, 0x00000000e4700000, 0x0000000100000000)
  eden space 31232K, 100% used [0x00000000e0000000,0x00000000e1e80000,0x00000000e1e80000)
  from space 5120K, 72% used [0x00000000e1e80000,0x00000000e221bc48,0x00000000e2380000)
  to   space 5120K, 0% used [0x00000000e4200000,0x00000000e4200000,0x00000000e4700000)
 ParOldGen       total 83456K, used 8K [0x00000000a0000000, 0x00000000a5180000, 0x00000000e0000000)
  object space 83456K, 0% used [0x00000000a0000000,0x00000000a0002000,0x00000000a5180000)
 Metaspace       used 11610K, capacity 11892K, committed 12032K, reserved 1058816K
  class space    used 1602K, capacity 1710K, committed 1792K, reserved 1048576K
Event: 1.565 GC heap after
Heap after GC invocations=2 (full 0):
 PSYoungGen      total 67584K, used 5106K [0x00000000e0000000, 0x00000000e4700000, 0x0000000100000000)
  eden space 62464K, 0% used [0x00000000e0000000,0x00000000e0000000,0x00000000e3d00000)
  from space 5120K, 99% used [0x00000000e4200000,0x00000000e46fcb90,0x00000000e4700000)
  to   space 5120K, 0% used [0x00000000e3d00000,0x00000000e3d00000,0x00000000e4200000)
 ParOldGen       total 83456K, used 416K [0x00000000a0000000, 0x00000000a5180000, 0x00000000e0000000)
  object space 83456K, 0% used [0x00000000a0000000,0x00000000a0068308,0x00000000a5180000)
 Metaspace       used 11610K, capacity 11892K, committed 12032K, reserved 1058816K
  class space    used 1602K, capacity 1710K, committed 1792K, reserved 1048576K
}
Event: 3.162 GC heap before
{Heap before GC invocations=3 (full 0):
 PSYoungGen      total 67584K, used 67570K [0x00000000e0000000, 0x00000000e4700000, 0x0000000100000000)
  eden space 62464K, 100% used [0x00000000e0000000,0x00000000e3d00000,0x00000000e3d00000)
  from space 5120K, 99% used [0x00000000e4200000,0x00000000e46fcb90,0x00000000e4700000)
  to   space 5120K, 0% used [0x00000000e3d00000,0x00000000e3d00000,0x00000000e4200000)
 ParOldGen       total 83456K, used 416K [0x00000000a0000000, 0x00000000a5180000, 0x00000000e0000000)
  object space 83456K, 0% used [0x00000000a0000000,0x00000000a0068308,0x00000000a5180000)
 Metaspace       used 20636K, capacity 20988K, committed 21120K, reserved 1067008K
  class space    used 2805K, capacity 2941K, committed 2944K, reserved 1048576K
Event: 3.206 GC heap after
Heap after GC invocations=3 (full 0):
 PSYoungGen      total 67584K, used 5120K [0x00000000e0000000, 0x00000000e8400000, 0x0000000100000000)
  eden space 62464K, 0% used [0x00000000e0000000,0x00000000e0000000,0x00000000e3d00000)
  from space 5120K, 100% used [0x00000000e3d00000,0x00000000e4200000,0x00000000e4200000)
  to   space 5120K, 0% used [0x00000000e7f00000,0x00000000e7f00000,0x00000000e8400000)
 ParOldGen       total 83456K, used 8007K [0x00000000a0000000, 0x00000000a5180000, 0x00000000e0000000)
  object space 83456K, 9% used [0x00000000a0000000,0x00000000a07d1e80,0x00000000a5180000)
 Metaspace       used 20636K, capacity 20988K, committed 21120K, reserved 1067008K
  class space    used 2805K, capacity 2941K, committed 2944K, reserved 1048576K
}
Event: 3.216 GC heap before
{Heap before GC invocations=4 (full 0):
 PSYoungGen      total 67584K, used 5876K [0x00000000e0000000, 0x00000000e8400000, 0x0000000100000000)
  eden space 62464K, 1% used [0x00000000e0000000,0x00000000e00bd2c8,0x00000000e3d00000)
  from space 5120K, 100% used [0x00000000e3d00000,0x00000000e4200000,0x00000000e4200000)
  to   space 5120K, 0% used [0x00000000e7f00000,0x00000000e7f00000,0x00000000e8400000)
 ParOldGen       total 83456K, used 8007K [0x00000000a0000000, 0x00000000a5180000, 0x00000000e0000000)
  object space 83456K, 9% used [0x00000000a0000000,0x00000000a07d1e80,0x00000000a5180000)
 Metaspace       used 20747K, capacity 21116K, committed 21296K, reserved 1067008K
  class space    used 2822K, capacity 2941K, committed 2944K, reserved 1048576K
Event: 3.267 GC heap after
Heap after GC invocations=4 (full 0):
 PSYoungGen      total 130048K, used 5104K [0x00000000e0000000, 0x00000000e8400000, 0x0000000100000000)
  eden space 124928K, 0% used [0x00000000e0000000,0x00000000e0000000,0x00000000e7a00000)
  from space 5120K, 99% used [0x00000000e7f00000,0x00000000e83fc030,0x00000000e8400000)
  to   space 5120K, 0% used [0x00000000e7a00000,0x00000000e7a00000,0x00000000e7f00000)
 ParOldGen       total 83456K, used 8144K [0x00000000a0000000, 0x00000000a5180000, 0x00000000e0000000)
  object space 83456K, 9% used [0x00000000a0000000,0x00000000a07f43c8,0x00000000a5180000)
 Metaspace       used 20747K, capacity 21116K, committed 21296K, reserved 1067008K
  class space    used 2822K, capacity 2941K, committed 2944K, reserved 1048576K
}
Event: 3.267 GC heap before
{Heap before GC invocations=5 (full 1):
 PSYoungGen      total 130048K, used 5104K [0x00000000e0000000, 0x00000000e8400000, 0x0000000100000000)
  eden space 124928K, 0% used [0x00000000e0000000,0x00000000e0000000,0x00000000e7a00000)
  from space 5120K, 99% used [0x00000000e7f00000,0x00000000e83fc030,0x00000000e8400000)
  to   space 5120K, 0% used [0x00000000e7a00000,0x00000000e7a00000,0x00000000e7f00000)
 ParOldGen       total 83456K, used 8144K [0x00000000a0000000, 0x00000000a5180000, 0x00000000e0000000)
  object space 83456K, 9% used [0x00000000a0000000,0x00000000a07f43c8,0x00000000a5180000)
 Metaspace       used 20747K, capacity 21116K, committed 21296K, reserved 1067008K
  class space    used 2822K, capacity 2941K, committed 2944K, reserved 1048576K
Event: 3.437 GC heap after
Heap after GC invocations=5 (full 1):
 PSYoungGen      total 130048K, used 0K [0x00000000e0000000, 0x00000000e8400000, 0x0000000100000000)
  eden space 124928K, 0% used [0x00000000e0000000,0x00000000e0000000,0x00000000e7a00000)
  from space 5120K, 0% used [0x00000000e7f00000,0x00000000e7f00000,0x00000000e8400000)
  to   space 5120K, 0% used [0x00000000e7a00000,0x00000000e7a00000,0x00000000e7f00000)
 ParOldGen       total 56832K, used 12404K [0x00000000a0000000, 0x00000000a3780000, 0x00000000e0000000)
  object space 56832K, 21% used [0x00000000a0000000,0x00000000a0c1d150,0x00000000a3780000)
 Metaspace       used 20747K, capacity 21116K, committed 21296K, reserved 1067008K
  class space    used 2822K, capacity 2941K, committed 2944K, reserved 1048576K
}
Event: 5.526 GC heap before
{Heap before GC invocations=6 (full 1):
 PSYoungGen      total 130048K, used 124928K [0x00000000e0000000, 0x00000000e8400000, 0x0000000100000000)
  eden space 124928K, 100% used [0x00000000e0000000,0x00000000e7a00000,0x00000000e7a00000)
  from space 5120K, 0% used [0x00000000e7f00000,0x00000000e7f00000,0x00000000e8400000)
  to   space 5120K, 0% used [0x00000000e7a00000,0x00000000e7a00000,0x00000000e7f00000)
 ParOldGen       total 56832K, used 12404K [0x00000000a0000000, 0x00000000a3780000, 0x00000000e0000000)
  object space 56832K, 21% used [0x00000000a0000000,0x00000000a0c1d150,0x00000000a3780000)
 Metaspace       used 27433K, capacity 27894K, committed 28160K, reserved 1073152K
  class space    used 3842K, capacity 3971K, committed 4096K, reserved 1048576K
Event: 5.564 GC heap after
Heap after GC invocations=6 (full 1):
 PSYoungGen      total 130048K, used 5110K [0x00000000e0000000, 0x00000000ef480000, 0x0000000100000000)
  eden space 124928K, 0% used [0x00000000e0000000,0x00000000e0000000,0x00000000e7a00000)
  from space 5120K, 99% used [0x00000000e7a00000,0x00000000e7efd918,0x00000000e7f00000)
  to   space 13824K, 0% used [0x00000000ee700000,0x00000000ee700000,0x00000000ef480000)
 ParOldGen       total 56832K, used 16796K [0x00000000a0000000, 0x00000000a3780000, 0x00000000e0000000)
  object space 56832K, 29% used [0x00000000a0000000,0x00000000a1067380,0x00000000a3780000)
 Metaspace       used 27433K, capacity 27894K, committed 28160K, reserved 1073152K
  class space    used 3842K, capacity 3971K, committed 4096K, reserved 1048576K
}

